2026-06-18
Change: Added the repository-wide debug and error logging rule.
Verification: Confirmed AGENTS.md requires root debug.log, root error.log, and a structured engineering log entry for every code update.

2026-06-18
Change: Implemented production-oriented observability for the Rust API and React PWA.
Rust: Added structured console output, daily rolling JSON debug/error files, safe HTTP spans, and optional Sentry export.
React: Added a centralized redacting logger, browser console output, IndexedDB offline buffering, Sentry initialization, an error boundary, and API failure logging.
Verification: cargo check passed; cargo test passed 6 tests; focused frontend logging tests passed 3 tests; TypeScript type-check passed; production frontend build passed; changed frontend files passed ESLint; changed Rust files passed rustfmt checks.

2026-06-18
Change: Completed a repository-wide architecture and dead-code cleanup.
Removed: Empty Rust domain scaffolds, unused React class models, an obsolete tool registry, stale type contracts, an unused dashboard implementation, dead service functions/exports, five unused npm packages, obsolete bootstrap scripts, auto-push hooks, and a stale API tracker.
Organization: Added REPOSITORY_MAP.md, rewrote active module documentation, and replaced outdated frontend standards and offline-data documentation.
Security: Removed unused refresh-secret configuration, removed secret-bearing Debug support from Config, added strict positive environment parsing, enforced a 32-character production access-token secret, retained direct-API security boundaries, and fixed the reported npm form-data vulnerability.
Verification: Rust check/tests/strict Clippy passed; frontend type-check/lint/all 29 tests/production build passed; Knip reports no unused files, exports, types, or dependencies; npm audit reports zero vulnerabilities; git diff check passed.
Final scope: 101 files changed, with 5,237 lines removed and 923 lines added after formatting, mapping, and required log updates.

2026-06-18
Change: Added the initial identity integration scaffold.
Details: Added a backend boundary directory, documented role-baseline mapping, and linked the migration guide from the API README.
Verification: Reviewed current team and README files through GitHub before patching; verified the new module is registered in main.rs.

2026-06-18
Change: Expanded the identity boundary with a provider module and README details.
Verification: Confirmed the provider module is exposed and public functions include use comments.

2026-06-18
Change: Reconciled the repository cleanup with concurrent Keycloak provider-boundary work.
Details: Preserved the Keycloak migration design as documentation and removed both non-runtime scaffold implementations, which otherwise produced 22 dead-code warnings.

2026-06-18
Change: Introduced mbam-api/src/authentication as the centralized authentication boundary.
Debugging: Mapped duplicated JWT parsing in business, business-unit, product, team, transaction, and sync routes.
Implementation: Added legacy/keycloak provider selection, Keycloak token introspection, audience validation, immutable subject mapping, verified-email migration linking, and complete baseline-role alignment.
Verification: Confirmed all identified protected route modules call AuthenticationLayer::authenticate_user_id and no longer contain their own bearer-token verifier.
Tests added: Audience scalar/array checks, custom baseline normalization, multiple-role coverage, unknown-role denial, and empty-membership denial.
Security review: Keycloak roles grant no domain access without active local memberships; missing configuration and role mismatches fail closed.

2026-06-18
Change: Finished the local Keycloak runtime and reconciled the authentication merge with the stricter configuration and observability implementation.
Implementation: Added a pinned Keycloak Compose service, persistent data, automatic Mbam realm import, API/web clients, audience mapping, baseline roles, and startup coupling with the database service.
Verification: Compose configuration rendered successfully; Rust formatting, compile checks, all 9 backend tests, and whitespace validation passed. Targeted database startup also started Keycloak, the realm import completed, discovery and confidential-client introspection responded, and the API started in Keycloak mode with a healthy endpoint.
